<?xml version="1.0" encoding="UTF-8"?>
<testng-results ignored="2" total="3" passed="1" failed="0" skipped="0">
  <reporter-output>
  </reporter-output>
  <suite started-at="2023-02-02T13:11:11 IST" name="Default suite" finished-at="2023-02-02T13:11:29 IST" duration-ms="17525">
    <groups>
    </groups>
    <test started-at="2023-02-02T13:11:11 IST" name="Default test" finished-at="2023-02-02T13:11:29 IST" duration-ms="17525">
      <class name="com.inetbanking.testCases.Listeners">
        <test-method is-config="true" signature="teardown()[pri:0, instance:com.inetbanking.testCases.Listeners@70f59913]" started-at="2023-02-02T13:11:27 IST" name="teardown" finished-at="2023-02-02T13:11:29 IST" duration-ms="2040" status="PASS">
          <reporter-output>
          </reporter-output>
        </test-method> <!-- teardown -->
      </class> <!-- com.inetbanking.testCases.Listeners -->
      <class name="com.inetbanking.testCases.TC_LoginTest_001">
        <test-method is-config="true" signature="setup()[pri:0, instance:com.inetbanking.testCases.TC_LoginTest_001@32f232a5]" started-at="2023-02-02T13:11:11 IST" name="setup" finished-at="2023-02-02T13:11:23 IST" duration-ms="11208" status="PASS">
          <reporter-output>
          </reporter-output>
        </test-method> <!-- setup -->
        <test-method signature="loginTest()[pri:0, instance:com.inetbanking.testCases.TC_LoginTest_001@32f232a5]" started-at="2023-02-02T13:11:23 IST" name="loginTest" finished-at="2023-02-02T13:11:27 IST" duration-ms="3815" status="PASS">
          <reporter-output>
          </reporter-output>
        </test-method> <!-- loginTest -->
      </class> <!-- com.inetbanking.testCases.TC_LoginTest_001 -->
    </test> <!-- Default test -->
  </suite> <!-- Default suite -->
</testng-results>
